<?xml version="1.0" encoding="UTF-8"?>
<!-- Generated by org.testng.reporters.JUnitReportReporter -->
<testsuite skipped="0" hostname="MAHESHBA01" name="testPage.WebPageTest" tests="1" failures="0" timestamp="08 May 2018 09:57:50 GMT" time="0.677" errors="0">
  <testcase name="test" time="0.677" classname="testPage.WebPageTest"/>
</testsuite> <!-- testPage.WebPageTest -->
